<?xml version="1.0" encoding="UTF-8"?>
<testng-results ignored="0" total="1" passed="1" failed="0" skipped="0">
  <reporter-output>
  </reporter-output>
  <suite started-at="2022-10-19T21:56:54 IST" name="Default suite" finished-at="2022-10-19T21:56:59 IST" duration-ms="5320">
    <groups>
    </groups>
    <test started-at="2022-10-19T21:56:54 IST" name="Default test" finished-at="2022-10-19T21:56:59 IST" duration-ms="5320">
      <class name="com.bookAppoitment.NewTest">
        <test-method is-config="true" signature="beforeMethod()[pri:0, instance:com.bookAppoitment.NewTest@6e20b53a]" started-at="2022-10-19T21:56:54 IST" name="beforeMethod" finished-at="2022-10-19T21:56:57 IST" duration-ms="3296" status="PASS">
          <reporter-output>
          </reporter-output>
        </test-method> <!-- beforeMethod -->
        <test-method signature="BookAppoitment()[pri:0, instance:com.bookAppoitment.NewTest@6e20b53a]" started-at="2022-10-19T21:56:57 IST" name="BookAppoitment" finished-at="2022-10-19T21:56:59 IST" duration-ms="1948" status="PASS">
          <reporter-output>
          </reporter-output>
        </test-method> <!-- BookAppoitment -->
        <test-method is-config="true" signature="afterMethod()[pri:0, instance:com.bookAppoitment.NewTest@6e20b53a]" started-at="2022-10-19T21:56:59 IST" name="afterMethod" finished-at="2022-10-19T21:56:59 IST" duration-ms="0" status="PASS">
          <reporter-output>
          </reporter-output>
        </test-method> <!-- afterMethod -->
      </class> <!-- com.bookAppoitment.NewTest -->
    </test> <!-- Default test -->
  </suite> <!-- Default suite -->
</testng-results>
